{"/Users/broerjuang/Documents/trainings/btpn/mobileapps/src/generals/utils/compose.js": {"path":"/Users/broerjuang/Documents/trainings/btpn/mobileapps/src/generals/utils/compose.js","statementMap":{"0":{"start":{"line":1,"column":13},"end":{"line":1,"column":75}},"1":{"start":{"line":1,"column":75},"end":{"line":1,"column":100}},"2":{"start":{"line":3,"column":20},"end":{"line":3,"column":142}},"3":{"start":{"line":3,"column":111},"end":{"line":3,"column":141}},"4":{"start":{"line":4,"column":2},"end":{"line":6,"column":32}},"5":{"start":{"line":5,"column":19},"end":{"line":5,"column":78}},"6":{"start":{"line":5,"column":39},"end":{"line":5,"column":76}},"7":{"start":{"line":6,"column":18},"end":{"line":6,"column":29}},"8":{"start":{"line":10,"column":0},"end":{"line":10,"column":7}},"9":{"start":{"line":10,"column":8},"end":{"line":10,"column":35}}},"fnMap":{"0":{"name":"compose","decl":{"start":{"line":3,"column":9},"end":{"line":3,"column":16}},"loc":{"start":{"line":3,"column":19},"end":{"line":8,"column":1}},"line":3},"1":{"name":"(anonymous_1)","decl":{"start":{"line":5,"column":2},"end":{"line":5,"column":3}},"loc":{"start":{"line":5,"column":18},"end":{"line":5,"column":79}},"line":5},"2":{"name":"(anonymous_2)","decl":{"start":{"line":5,"column":26},"end":{"line":5,"column":27}},"loc":{"start":{"line":5,"column":38},"end":{"line":5,"column":77}},"line":5},"3":{"name":"(anonymous_3)","decl":{"start":{"line":6,"column":2},"end":{"line":6,"column":3}},"loc":{"start":{"line":6,"column":17},"end":{"line":6,"column":30}},"line":6}},"branchMap":{},"s":{"0":1,"1":1,"2":8,"3":9,"4":8,"5":9,"6":9,"7":8,"8":1,"9":1},"f":{"0":8,"1":9,"2":9,"3":8},"b":{},"_coverageSchema":"332fd63041d2c1bcb487cc26dd0d5f7d97098a6c","hash":"e3f7b2553d1c43d270025b9b22b94039b6ac9017"}
,"/Users/broerjuang/Documents/trainings/btpn/mobileapps/src/generals/utils/index.js": {"path":"/Users/broerjuang/Documents/trainings/btpn/mobileapps/src/generals/utils/index.js","statementMap":{"0":{"start":{"line":1,"column":13},"end":{"line":1,"column":75}},"1":{"start":{"line":1,"column":75},"end":{"line":1,"column":187}},"2":{"start":{"line":1,"column":158},"end":{"line":1,"column":182}},"3":{"start":{"line":2,"column":15},"end":{"line":2,"column":71}}},"fnMap":{"0":{"name":"get","decl":{"start":{"line":1,"column":151},"end":{"line":1,"column":154}},"loc":{"start":{"line":1,"column":157},"end":{"line":1,"column":183}},"line":1}},"branchMap":{},"s":{"0":1,"1":1,"2":8,"3":1},"f":{"0":8},"b":{},"_coverageSchema":"332fd63041d2c1bcb487cc26dd0d5f7d97098a6c","hash":"c1022ada16333762ddbd8bffc582c2a948227914"}
}
