TN:
SF:/Users/broerjuang/Documents/trainings/btpn/mobileapps/src/generals/utils/compose.js
FN:3,compose
FN:5,(anonymous_1)
FN:5,(anonymous_2)
FN:6,(anonymous_3)
FNF:4
FNH:4
FNDA:8,compose
FNDA:9,(anonymous_1)
FNDA:9,(anonymous_2)
FNDA:8,(anonymous_3)
DA:1,1
DA:3,9
DA:4,8
DA:5,9
DA:6,8
DA:10,1
LF:6
LH:6
BRF:0
BRH:0
end_of_record
TN:
SF:/Users/broerjuang/Documents/trainings/btpn/mobileapps/src/generals/utils/index.js
FN:1,get
FNF:1
FNH:1
FNDA:8,get
DA:1,8
DA:2,1
LF:2
LH:2
BRF:0
BRH:0
end_of_record
